h:\workspace\gengine\3rd\protobuf-2.6.1\vsprojects\x64\release\libprotobuf.pdb
h:\workspace\gengine\3rd\protobuf-2.6.1\vsprojects\x64\release\message_lite.obj
h:\workspace\gengine\3rd\protobuf-2.6.1\vsprojects\x64\release\message.obj
h:\workspace\gengine\3rd\protobuf-2.6.1\vsprojects\x64\release\zero_copy_stream_impl_lite.obj
h:\workspace\gengine\3rd\protobuf-2.6.1\vsprojects\x64\release\zero_copy_stream_impl.obj
h:\workspace\gengine\3rd\protobuf-2.6.1\vsprojects\x64\release\zero_copy_stream.obj
h:\workspace\gengine\3rd\protobuf-2.6.1\vsprojects\x64\release\tokenizer.obj
h:\workspace\gengine\3rd\protobuf-2.6.1\vsprojects\x64\release\strtod.obj
h:\workspace\gengine\3rd\protobuf-2.6.1\vsprojects\x64\release\printer.obj
h:\workspace\gengine\3rd\protobuf-2.6.1\vsprojects\x64\release\gzip_stream.obj
h:\workspace\gengine\3rd\protobuf-2.6.1\vsprojects\x64\release\coded_stream.obj
h:\workspace\gengine\3rd\protobuf-2.6.1\vsprojects\x64\release\generated_message_util.obj
h:\workspace\gengine\3rd\protobuf-2.6.1\vsprojects\x64\release\generated_message_reflection.obj
h:\workspace\gengine\3rd\protobuf-2.6.1\vsprojects\x64\release\extension_set_heavy.obj
h:\workspace\gengine\3rd\protobuf-2.6.1\vsprojects\x64\release\extension_set.obj
h:\workspace\gengine\3rd\protobuf-2.6.1\vsprojects\x64\release\dynamic_message.obj
h:\workspace\gengine\3rd\protobuf-2.6.1\vsprojects\x64\release\descriptor_database.obj
h:\workspace\gengine\3rd\protobuf-2.6.1\vsprojects\x64\release\descriptor.pb.obj
h:\workspace\gengine\3rd\protobuf-2.6.1\vsprojects\x64\release\descriptor.obj
h:\workspace\gengine\3rd\protobuf-2.6.1\vsprojects\x64\release\parser.obj
h:\workspace\gengine\3rd\protobuf-2.6.1\vsprojects\x64\release\importer.obj
h:\workspace\gengine\3rd\protobuf-2.6.1\vsprojects\x64\release\wire_format_lite.obj
h:\workspace\gengine\3rd\protobuf-2.6.1\vsprojects\x64\release\wire_format.obj
h:\workspace\gengine\3rd\protobuf-2.6.1\vsprojects\x64\release\unknown_field_set.obj
h:\workspace\gengine\3rd\protobuf-2.6.1\vsprojects\x64\release\text_format.obj
h:\workspace\gengine\3rd\protobuf-2.6.1\vsprojects\x64\release\substitute.obj
h:\workspace\gengine\3rd\protobuf-2.6.1\vsprojects\x64\release\strutil.obj
h:\workspace\gengine\3rd\protobuf-2.6.1\vsprojects\x64\release\structurally_valid.obj
h:\workspace\gengine\3rd\protobuf-2.6.1\vsprojects\x64\release\stringprintf.obj
h:\workspace\gengine\3rd\protobuf-2.6.1\vsprojects\x64\release\once.obj
h:\workspace\gengine\3rd\protobuf-2.6.1\vsprojects\x64\release\common.obj
h:\workspace\gengine\3rd\protobuf-2.6.1\vsprojects\x64\release\atomicops_internals_x86_msvc.obj
h:\workspace\gengine\3rd\protobuf-2.6.1\vsprojects\x64\release\service.obj
h:\workspace\gengine\3rd\protobuf-2.6.1\vsprojects\x64\release\repeated_field.obj
h:\workspace\gengine\3rd\protobuf-2.6.1\vsprojects\x64\release\reflection_ops.obj
h:\workspace\gengine\x64\release\lib\libprotobuf.lib
h:\workspace\gengine\3rd\protobuf-2.6.1\vsprojects\x64\release\libprotobuf.tlog\cl.command.1.tlog
h:\workspace\gengine\3rd\protobuf-2.6.1\vsprojects\x64\release\libprotobuf.tlog\cl.read.1.tlog
h:\workspace\gengine\3rd\protobuf-2.6.1\vsprojects\x64\release\libprotobuf.tlog\cl.write.1.tlog
h:\workspace\gengine\3rd\protobuf-2.6.1\vsprojects\x64\release\libprotobuf.tlog\lib-link.read.1.tlog
h:\workspace\gengine\3rd\protobuf-2.6.1\vsprojects\x64\release\libprotobuf.tlog\lib-link.write.1.tlog
h:\workspace\gengine\3rd\protobuf-2.6.1\vsprojects\x64\release\libprotobuf.tlog\lib.command.1.tlog
