  importer.cc
  parser.cc
  descriptor.cc
  descriptor.pb.cc
  descriptor_database.cc
  dynamic_message.cc
  extension_set.cc
  extension_set_heavy.cc
  generated_message_reflection.cc
  generated_message_util.cc
  coded_stream.cc
  gzip_stream.cc
  printer.cc
  strtod.cc
  tokenizer.cc
  zero_copy_stream.cc
  zero_copy_stream_impl.cc
  zero_copy_stream_impl_lite.cc
  message.cc
  message_lite.cc
  正在生成代码...
h:\workspace\gengine\3rd\protobuf-2.6.1\src\google\protobuf\extension_set.cc(74): warning C4715: “google::protobuf::internal::`anonymous namespace'::is_packable”: 不是所有的控件路径都返回值
  正在编译...
  reflection_ops.cc
  repeated_field.cc
  service.cc
  atomicops_internals_x86_msvc.cc
  common.cc
  once.cc
  stringprintf.cc
  structurally_valid.cc
  strutil.cc
  substitute.cc
  text_format.cc
  unknown_field_set.cc
  wire_format.cc
  wire_format_lite.cc
  正在生成代码...
C:\Program Files (x86)\MSBuild\Microsoft.Cpp\v4.0\V140\Microsoft.CppBuild.targets(1357,5): warning MSB8012: TargetPath(H:\WorkSpace\GEngine\x64\Release\libprotobuf.lib) does not match the Library's OutputFile property value (H:\WorkSpace\GEngine\x64\Release\lib\libprotobuf.lib). This may cause your project to build incorrectly. To correct this, please make sure that $(OutDir), $(TargetName) and $(TargetExt) property values match the value specified in %(Lib.OutputFile).
  libprotobuf.vcxproj -> H:\WorkSpace\GEngine\x64\Release\libprotobuf.lib
