f:\workspace\gengine\3rd\protobuf-2.6.1\vsprojects\x64\debug\libprotobuf.pdb
f:\workspace\gengine\3rd\protobuf-2.6.1\vsprojects\x64\debug\message_lite.obj
f:\workspace\gengine\3rd\protobuf-2.6.1\vsprojects\x64\debug\message.obj
f:\workspace\gengine\3rd\protobuf-2.6.1\vsprojects\x64\debug\zero_copy_stream_impl_lite.obj
f:\workspace\gengine\3rd\protobuf-2.6.1\vsprojects\x64\debug\zero_copy_stream_impl.obj
f:\workspace\gengine\3rd\protobuf-2.6.1\vsprojects\x64\debug\zero_copy_stream.obj
f:\workspace\gengine\3rd\protobuf-2.6.1\vsprojects\x64\debug\tokenizer.obj
f:\workspace\gengine\3rd\protobuf-2.6.1\vsprojects\x64\debug\strtod.obj
f:\workspace\gengine\3rd\protobuf-2.6.1\vsprojects\x64\debug\printer.obj
f:\workspace\gengine\3rd\protobuf-2.6.1\vsprojects\x64\debug\gzip_stream.obj
f:\workspace\gengine\3rd\protobuf-2.6.1\vsprojects\x64\debug\coded_stream.obj
f:\workspace\gengine\3rd\protobuf-2.6.1\vsprojects\x64\debug\generated_message_util.obj
f:\workspace\gengine\3rd\protobuf-2.6.1\vsprojects\x64\debug\generated_message_reflection.obj
f:\workspace\gengine\3rd\protobuf-2.6.1\vsprojects\x64\debug\extension_set_heavy.obj
f:\workspace\gengine\3rd\protobuf-2.6.1\vsprojects\x64\debug\extension_set.obj
f:\workspace\gengine\3rd\protobuf-2.6.1\vsprojects\x64\debug\dynamic_message.obj
f:\workspace\gengine\3rd\protobuf-2.6.1\vsprojects\x64\debug\descriptor_database.obj
f:\workspace\gengine\3rd\protobuf-2.6.1\vsprojects\x64\debug\descriptor.pb.obj
f:\workspace\gengine\3rd\protobuf-2.6.1\vsprojects\x64\debug\descriptor.obj
f:\workspace\gengine\3rd\protobuf-2.6.1\vsprojects\x64\debug\parser.obj
f:\workspace\gengine\3rd\protobuf-2.6.1\vsprojects\x64\debug\importer.obj
f:\workspace\gengine\3rd\protobuf-2.6.1\vsprojects\x64\debug\wire_format_lite.obj
f:\workspace\gengine\3rd\protobuf-2.6.1\vsprojects\x64\debug\wire_format.obj
f:\workspace\gengine\3rd\protobuf-2.6.1\vsprojects\x64\debug\unknown_field_set.obj
f:\workspace\gengine\3rd\protobuf-2.6.1\vsprojects\x64\debug\text_format.obj
f:\workspace\gengine\3rd\protobuf-2.6.1\vsprojects\x64\debug\substitute.obj
f:\workspace\gengine\3rd\protobuf-2.6.1\vsprojects\x64\debug\strutil.obj
f:\workspace\gengine\3rd\protobuf-2.6.1\vsprojects\x64\debug\structurally_valid.obj
f:\workspace\gengine\3rd\protobuf-2.6.1\vsprojects\x64\debug\stringprintf.obj
f:\workspace\gengine\3rd\protobuf-2.6.1\vsprojects\x64\debug\once.obj
f:\workspace\gengine\3rd\protobuf-2.6.1\vsprojects\x64\debug\common.obj
f:\workspace\gengine\3rd\protobuf-2.6.1\vsprojects\x64\debug\atomicops_internals_x86_msvc.obj
f:\workspace\gengine\3rd\protobuf-2.6.1\vsprojects\x64\debug\service.obj
f:\workspace\gengine\3rd\protobuf-2.6.1\vsprojects\x64\debug\repeated_field.obj
f:\workspace\gengine\3rd\protobuf-2.6.1\vsprojects\x64\debug\reflection_ops.obj
f:\workspace\gengine\x64\debug\lib\libprotobuf.lib
f:\workspace\gengine\x64\debug\libprotobuf.pdb
f:\workspace\gengine\3rd\protobuf-2.6.1\vsprojects\x64\debug\libprotobuf.tlog\cl.command.1.tlog
f:\workspace\gengine\3rd\protobuf-2.6.1\vsprojects\x64\debug\libprotobuf.tlog\cl.read.1.tlog
f:\workspace\gengine\3rd\protobuf-2.6.1\vsprojects\x64\debug\libprotobuf.tlog\cl.write.1.tlog
f:\workspace\gengine\3rd\protobuf-2.6.1\vsprojects\x64\debug\libprotobuf.tlog\lib-link.read.1.tlog
f:\workspace\gengine\3rd\protobuf-2.6.1\vsprojects\x64\debug\libprotobuf.tlog\lib-link.write.1.tlog
f:\workspace\gengine\3rd\protobuf-2.6.1\vsprojects\x64\debug\libprotobuf.tlog\lib.command.1.tlog
